[Wed May 11 17:49:12.198523 2022] [ssl:warn] [pid 16340:tid 416] AH01909: www.example.com:443:0 server certificate does NOT include an ID which matches the server name
[Wed May 11 17:49:12.252380 2022] [ssl:warn] [pid 16340:tid 416] AH01909: www.example.com:443:0 server certificate does NOT include an ID which matches the server name
[Wed May 11 17:49:12.322194 2022] [mpm_winnt:notice] [pid 16340:tid 416] AH00455: Apache/2.4.53 (Win64) OpenSSL/1.1.1n PHP/8.1.5 configured -- resuming normal operations
[Wed May 11 17:49:12.322194 2022] [mpm_winnt:notice] [pid 16340:tid 416] AH00456: Apache Lounge VS16 Server built: Mar 16 2022 11:26:15
[Wed May 11 17:49:12.322194 2022] [core:notice] [pid 16340:tid 416] AH00094: Command line: 'C:\\xampp\\apache\\bin\\httpd.exe -d C:/xampp/apache'
[Wed May 11 17:49:12.342139 2022] [mpm_winnt:notice] [pid 16340:tid 416] AH00418: Parent: Created child process 16072
[Wed May 11 17:49:12.965473 2022] [ssl:warn] [pid 16072:tid 444] AH01909: www.example.com:443:0 server certificate does NOT include an ID which matches the server name
[Wed May 11 17:49:13.022320 2022] [ssl:warn] [pid 16072:tid 444] AH01909: www.example.com:443:0 server certificate does NOT include an ID which matches the server name
[Wed May 11 17:49:13.084154 2022] [mpm_winnt:notice] [pid 16072:tid 444] AH00354: Child: Starting 150 worker threads.
[Thu May 12 10:29:09.517193 2022] [ssl:warn] [pid 6492:tid 428] AH01909: www.example.com:443:0 server certificate does NOT include an ID which matches the server name
[Thu May 12 10:29:09.567797 2022] [ssl:warn] [pid 6492:tid 428] AH01909: www.example.com:443:0 server certificate does NOT include an ID which matches the server name
[Thu May 12 10:29:09.845511 2022] [mpm_winnt:notice] [pid 6492:tid 428] AH00455: Apache/2.4.53 (Win64) OpenSSL/1.1.1n PHP/8.1.5 configured -- resuming normal operations
[Thu May 12 10:29:09.845511 2022] [mpm_winnt:notice] [pid 6492:tid 428] AH00456: Apache Lounge VS16 Server built: Mar 16 2022 11:26:15
[Thu May 12 10:29:09.845511 2022] [core:notice] [pid 6492:tid 428] AH00094: Command line: 'c:\\xampp\\apache\\bin\\httpd.exe -d C:/xampp/apache'
[Thu May 12 10:29:09.848518 2022] [mpm_winnt:notice] [pid 6492:tid 428] AH00418: Parent: Created child process 6780
[Thu May 12 10:29:10.324030 2022] [ssl:warn] [pid 6780:tid 420] AH01909: www.example.com:443:0 server certificate does NOT include an ID which matches the server name
[Thu May 12 10:29:10.367360 2022] [ssl:warn] [pid 6780:tid 420] AH01909: www.example.com:443:0 server certificate does NOT include an ID which matches the server name
[Thu May 12 10:29:10.415234 2022] [mpm_winnt:notice] [pid 6780:tid 420] AH00354: Child: Starting 150 worker threads.
[Thu May 12 10:32:22.147776 2022] [ssl:warn] [pid 11776:tid 412] AH01909: www.example.com:443:0 server certificate does NOT include an ID which matches the server name
[Thu May 12 10:32:22.192518 2022] [core:warn] [pid 11776:tid 412] AH00098: pid file C:/xampp/apache/logs/httpd.pid overwritten -- Unclean shutdown of previous Apache run?
[Thu May 12 10:32:22.197505 2022] [ssl:warn] [pid 11776:tid 412] AH01909: www.example.com:443:0 server certificate does NOT include an ID which matches the server name
[Thu May 12 10:32:22.249365 2022] [mpm_winnt:notice] [pid 11776:tid 412] AH00455: Apache/2.4.53 (Win64) OpenSSL/1.1.1n PHP/8.1.5 configured -- resuming normal operations
[Thu May 12 10:32:22.249365 2022] [mpm_winnt:notice] [pid 11776:tid 412] AH00456: Apache Lounge VS16 Server built: Mar 16 2022 11:26:15
[Thu May 12 10:32:22.249365 2022] [core:notice] [pid 11776:tid 412] AH00094: Command line: 'c:\\xampp\\apache\\bin\\httpd.exe -d C:/xampp/apache'
[Thu May 12 10:32:22.252359 2022] [mpm_winnt:notice] [pid 11776:tid 412] AH00418: Parent: Created child process 5064
[Thu May 12 10:32:22.870193 2022] [ssl:warn] [pid 5064:tid 432] AH01909: www.example.com:443:0 server certificate does NOT include an ID which matches the server name
[Thu May 12 10:32:22.911084 2022] [ssl:warn] [pid 5064:tid 432] AH01909: www.example.com:443:0 server certificate does NOT include an ID which matches the server name
[Thu May 12 10:32:22.957962 2022] [mpm_winnt:notice] [pid 5064:tid 432] AH00354: Child: Starting 150 worker threads.
[Mon May 16 13:46:01.995770 2022] [ssl:warn] [pid 14112:tid 404] AH01909: www.example.com:443:0 server certificate does NOT include an ID which matches the server name
[Mon May 16 13:46:02.057571 2022] [core:warn] [pid 14112:tid 404] AH00098: pid file C:/xampp/apache/logs/httpd.pid overwritten -- Unclean shutdown of previous Apache run?
[Mon May 16 13:46:02.064552 2022] [ssl:warn] [pid 14112:tid 404] AH01909: www.example.com:443:0 server certificate does NOT include an ID which matches the server name
[Mon May 16 13:46:02.399003 2022] [mpm_winnt:notice] [pid 14112:tid 404] AH00455: Apache/2.4.53 (Win64) OpenSSL/1.1.1n PHP/8.1.5 configured -- resuming normal operations
[Mon May 16 13:46:02.399003 2022] [mpm_winnt:notice] [pid 14112:tid 404] AH00456: Apache Lounge VS16 Server built: Mar 16 2022 11:26:15
[Mon May 16 13:46:02.399003 2022] [core:notice] [pid 14112:tid 404] AH00094: Command line: 'c:\\xampp\\apache\\bin\\httpd.exe -d C:/xampp/apache'
[Mon May 16 13:46:02.402991 2022] [mpm_winnt:notice] [pid 14112:tid 404] AH00418: Parent: Created child process 11452
[Mon May 16 13:46:03.227275 2022] [ssl:warn] [pid 11452:tid 436] AH01909: www.example.com:443:0 server certificate does NOT include an ID which matches the server name
[Mon May 16 13:46:03.278200 2022] [ssl:warn] [pid 11452:tid 436] AH01909: www.example.com:443:0 server certificate does NOT include an ID which matches the server name
[Mon May 16 13:46:03.331059 2022] [mpm_winnt:notice] [pid 11452:tid 436] AH00354: Child: Starting 150 worker threads.
[Fri May 27 16:18:54.259490 2022] [ssl:warn] [pid 5332:tid 416] AH01909: www.example.com:443:0 server certificate does NOT include an ID which matches the server name
[Fri May 27 16:18:54.323307 2022] [core:warn] [pid 5332:tid 416] AH00098: pid file C:/xampp/apache/logs/httpd.pid overwritten -- Unclean shutdown of previous Apache run?
[Fri May 27 16:18:54.328294 2022] [ssl:warn] [pid 5332:tid 416] AH01909: www.example.com:443:0 server certificate does NOT include an ID which matches the server name
[Fri May 27 16:18:54.650140 2022] [mpm_winnt:notice] [pid 5332:tid 416] AH00455: Apache/2.4.53 (Win64) OpenSSL/1.1.1n PHP/8.1.5 configured -- resuming normal operations
[Fri May 27 16:18:54.650140 2022] [mpm_winnt:notice] [pid 5332:tid 416] AH00456: Apache Lounge VS16 Server built: Mar 16 2022 11:26:15
[Fri May 27 16:18:54.650140 2022] [core:notice] [pid 5332:tid 416] AH00094: Command line: 'c:\\xampp\\apache\\bin\\httpd.exe -d C:/xampp/apache'
[Fri May 27 16:18:54.653133 2022] [mpm_winnt:notice] [pid 5332:tid 416] AH00418: Parent: Created child process 11216
[Fri May 27 16:18:55.142563 2022] [ssl:warn] [pid 11216:tid 416] AH01909: www.example.com:443:0 server certificate does NOT include an ID which matches the server name
[Fri May 27 16:18:55.196769 2022] [ssl:warn] [pid 11216:tid 416] AH01909: www.example.com:443:0 server certificate does NOT include an ID which matches the server name
[Fri May 27 16:18:55.244568 2022] [mpm_winnt:notice] [pid 11216:tid 416] AH00354: Child: Starting 150 worker threads.
[Fri May 27 16:19:59.735286 2022] [ssl:warn] [pid 15772:tid 412] AH01909: www.example.com:443:0 server certificate does NOT include an ID which matches the server name
[Fri May 27 16:19:59.785813 2022] [core:warn] [pid 15772:tid 412] AH00098: pid file C:/xampp/apache/logs/httpd.pid overwritten -- Unclean shutdown of previous Apache run?
[Fri May 27 16:19:59.789803 2022] [ssl:warn] [pid 15772:tid 412] AH01909: www.example.com:443:0 server certificate does NOT include an ID which matches the server name
[Fri May 27 16:19:59.839541 2022] [mpm_winnt:notice] [pid 15772:tid 412] AH00455: Apache/2.4.53 (Win64) OpenSSL/1.1.1n PHP/8.1.5 configured -- resuming normal operations
[Fri May 27 16:19:59.839541 2022] [mpm_winnt:notice] [pid 15772:tid 412] AH00456: Apache Lounge VS16 Server built: Mar 16 2022 11:26:15
[Fri May 27 16:19:59.839541 2022] [core:notice] [pid 15772:tid 412] AH00094: Command line: 'c:\\xampp\\apache\\bin\\httpd.exe -d C:/xampp/apache'
[Fri May 27 16:19:59.843533 2022] [mpm_winnt:notice] [pid 15772:tid 412] AH00418: Parent: Created child process 4424
[Fri May 27 16:20:00.300344 2022] [ssl:warn] [pid 4424:tid 420] AH01909: www.example.com:443:0 server certificate does NOT include an ID which matches the server name
[Fri May 27 16:20:00.348012 2022] [ssl:warn] [pid 4424:tid 420] AH01909: www.example.com:443:0 server certificate does NOT include an ID which matches the server name
[Fri May 27 16:20:00.401878 2022] [mpm_winnt:notice] [pid 4424:tid 420] AH00354: Child: Starting 150 worker threads.
